<?xml version="1.0" encoding="UTF-8"?>
<testsuite name="com.amaap.electionresult.domain.model.test.ElectionManagerTest" tests="2" skipped="0" failures="0" errors="0" timestamp="2024-03-24T08:16:49" hostname="DESKTOP-GUO1275" time="0.081">
  <properties/>
  <testcase name="shouldAbleToAddvalidPartyToThePartyList()" classname="com.amaap.electionresult.domain.model.test.ElectionManagerTest" time="0.058"/>
  <testcase name="shouldAbleToCreatePartyWithGivenDetails()" classname="com.amaap.electionresult.domain.model.test.ElectionManagerTest" time="0.011"/>
  <system-out><![CDATA[]]></system-out>
  <system-err><![CDATA[]]></system-err>
</testsuite>
