<?xml version="1.0" encoding="UTF-8"?>
<testsuite name="com.amaap.electionresult.domain.model.test.ElectionManagerTest" tests="1" skipped="0" failures="0" errors="0" timestamp="2024-03-24T06:31:19" hostname="DESKTOP-GUO1275" time="0.039">
  <properties/>
  <testcase name="shouldAbleToCreatePartyWithGivenDetails()" classname="com.amaap.electionresult.domain.model.test.ElectionManagerTest" time="0.039"/>
  <system-out><![CDATA[]]></system-out>
  <system-err><![CDATA[]]></system-err>
</testsuite>
