<?xml version="1.0" encoding="UTF-8"?>
<testsuite name="com.amaap.electionresult.domain.model.test.ElectionManagerTest" tests="4" skipped="0" failures="0" errors="0" timestamp="2024-03-24T09:03:28" hostname="DESKTOP-GUO1275" time="0.082">
  <properties/>
  <testcase name="shouldAbleToAddvalidPartyToThePartyList()" classname="com.amaap.electionresult.domain.model.test.ElectionManagerTest" time="0.05"/>
  <testcase name="shouldAbleToCreateConstituencyWithGivenName()" classname="com.amaap.electionresult.domain.model.test.ElectionManagerTest" time="0.015"/>
  <testcase name="shouldAbleToCreatePartyWithGivenDetails()" classname="com.amaap.electionresult.domain.model.test.ElectionManagerTest" time="0.003"/>
  <testcase name="shouldAbleToAddConstituencytoTheList()" classname="com.amaap.electionresult.domain.model.test.ElectionManagerTest" time="0.003"/>
  <system-out><![CDATA[]]></system-out>
  <system-err><![CDATA[]]></system-err>
</testsuite>
