<?xml version="1.0" encoding="UTF-8"?>
<testsuite name="com.amaap.electionresult.domain.model.validators.test.PartyValidatorTest" tests="1" skipped="0" failures="0" errors="0" timestamp="2024-03-24T07:12:09" hostname="DESKTOP-GUO1275" time="0.039">
  <properties/>
  <testcase name="shouldAbleToThrowInvalidPartyNameExceptionWhenPartyNameIsNull()" classname="com.amaap.electionresult.domain.model.validators.test.PartyValidatorTest" time="0.039"/>
  <system-out><![CDATA[]]></system-out>
  <system-err><![CDATA[]]></system-err>
</testsuite>
